<component name="libraryTable">
  <library name="junit-4.13.2-javadoc">
    <CLASSES />
    <JAVADOC>
      <root url="jar://$USER_HOME$/Desktop/junit-4.13.2-javadoc.jar!/" />
    </JAVADOC>
    <SOURCES />
  </library>
</component>